[35m[Appium][39m Welcome to Appium v2.2.1
[35m[Appium][39m Non-default server args:
[35m[Appium][39m { basePath: [32m'/wd/hub'[39m, loglevel: [32m'info'[39m, port: [33m58887[39m }
[35m[Appium][39m Attempting to load driver uiautomator2...
[35m[Appium][39m Appium REST http interface listener started on http://0.0.0.0:58887/wd/hub
[35m[Appium][39m You can provide the following URLs in your client code to connect to this server:
[35m[Appium][39m 	http://192.168.56.1:58887/wd/hub
[35m[Appium][39m 	http://192.168.18.9:58887/wd/hub
[35m[Appium][39m 	http://127.0.0.1:58887/wd/hub (only accessible from the same host)
[35m[Appium][39m Available drivers:
[35m[Appium][39m   - uiautomator2@2.32.3 (automationName 'UiAutomator2')
[35m[Appium][39m No plugins have been installed. Use the "appium plugin" command to install the one(s) you want to use.
[38;5;0m[HTTP][0m [37m-->[39m [37mGET[39m [37m/wd/hub/status[39m
[38;5;0m[HTTP][0m [90m{}[39m
[38;5;0m[HTTP][0m [37m<-- GET /wd/hub/status [39m[32m200[39m [90m22 ms - 110[39m
[38;5;0m[HTTP][0m [90m[39m
[38;5;0m[HTTP][0m [37m-->[39m [37mGET[39m [37m/wd/hub/status[39m
[38;5;0m[HTTP][0m [90m{}[39m
[38;5;0m[HTTP][0m [37m<-- GET /wd/hub/status [39m[32m200[39m [90m4 ms - 110[39m
[38;5;0m[HTTP][0m [90m[39m
[38;5;0m[HTTP][0m [37m-->[39m [37mPOST[39m [37m/wd/hub/session[39m
[38;5;0m[HTTP][0m [90m{"desiredCapabilities":{"appium:systemPort":8289,"appium:newCommandTimeout":1800,"appium:appWaitActivity":"*","appium:automationName":"uiautomator2","appium:platformVersion":"14","appium:deviceId":"","appium:udid":"emulator-5554","appium:autoGrantPermissions":true,"appium:platformName":"ANDROID","appium:appActivity":".Settings","appium:deviceName":"emulator-5554 (sdk_gphone64_x86_64 - Android 14)","platformName":"Android","appium:appPackage":"com.android.settings"},"capabilities":{"firstMatch":[{"appium:appActivity":".Settings","appium:appPackage":"com.android.settings","appium:appWaitActivity":"*","appium:autoGrantPermissions":true,"appium:automationName":"uiautomator2","appium:deviceId":"","appium:deviceName":"emulator-5554 (sdk_gphone64_x86_64 - Android 14)","appium:newCommandTimeout":1800,"appium:platformName":"ANDROID","appium:platformVersion":"14","appium:systemPort":8289,"appium:udid":"emulator-5554","platformName":"android"}]}}[39m
[38;5;32m[BaseDriver][0m Ignoring capability 'appium:platformName=ANDROID' and using capability 'platformName=android'
[38;5;32m[BaseDriver][0m The capabilities ["platformName"] are standard capabilities and do not require "appium:" prefix
[35m[Appium][39m Attempting to find matching driver for automationName 'uiautomator2' and platformName 'android'
[35m[Appium][39m The 'uiautomator2' driver was installed and matched caps.
[35m[Appium][39m Will require it at C:\Users\Administrator\.appium\node_modules\appium-uiautomator2-driver
[38;5;16m[AppiumDriver@d41e][0m Appium v2.2.1 creating new AndroidUiautomator2Driver (v2.32.3) session
[38;5;16m[AppiumDriver@d41e][0m Checking BaseDriver versions for Appium and AndroidUiautomator2Driver
[38;5;16m[AppiumDriver@d41e][0m Appium's BaseDriver version is 9.4.1
[38;5;16m[AppiumDriver@d41e][0m AndroidUiautomator2Driver's BaseDriver version is 9.4.1
[38;5;48m[AndroidUiautomator2Driver@81fa][0m The following provided capabilities were not recognized by this driver:
[38;5;48m[AndroidUiautomator2Driver@81fa][0m   deviceId
[38;5;48m[AndroidUiautomator2Driver@81fa (b52eaabb)][0m Session created with session id: b52eaabb-b882-47c9-8a33-608f7da838ee
[38;5;48m[AndroidUiautomator2Driver@81fa (b52eaabb)][0m Starting 'com.android.settings' directly on the device
[38;5;64m[ADB][0m Found 1 'build-tools' folders under 'C:\Users\Administrator\AppData\Local\Android\Sdk' (newest first):
[38;5;64m[ADB][0m     C:\Users\Administrator\AppData\Local\Android\Sdk\build-tools\34.0.0
[38;5;64m[ADB][0m Using 'adb.exe' from 'C:\Users\Administrator\AppData\Local\Android\Sdk\platform-tools\adb.exe'
[38;5;80m[AndroidDriver][0m Retrieving device list
[38;5;80m[AndroidDriver][0m Using device: emulator-5554
[38;5;64m[ADB][0m Using 'adb.exe' from 'C:\Users\Administrator\AppData\Local\Android\Sdk\platform-tools\adb.exe'
[38;5;64m[ADB][0m Getting device platform version
[38;5;48m[AndroidUiautomator2Driver@81fa (b52eaabb)][0m Relaxing hidden api policy
[38;5;80m[AndroidDriver][0m No app sent in, not parsing package/activity
[38;5;64m[ADB][0m Using 'apksigner.jar' from 'C:\Users\Administrator\AppData\Local\Android\Sdk\build-tools\34.0.0\lib\apksigner.jar'
[38;5;64m[ADB][0m 'C:\Users\Administrator\.appium\node_modules\appium-uiautomator2-driver\node_modules\appium-uiautomator2-server\apks\appium-uiautomator2-server-debug-androidTest.apk' is signed with the default certificate
[38;5;64m[ADB][0m 'C:\Users\Administrator\.appium\node_modules\appium-uiautomator2-driver\node_modules\appium-uiautomator2-server\apks\appium-uiautomator2-server-v5.12.7.apk' is signed with the default certificate
[38;5;48m[AndroidUiautomator2Driver@81fa (b52eaabb)][0m Server packages are not going to be (re)installed
[38;5;64m[ADB][0m Adding packages ["io.appium.settings","io.appium.uiautomator2.server","io.appium.uiautomator2.server.test"] to Doze whitelist
[38;5;48m[AndroidUiautomator2Driver@81fa (b52eaabb)][0m Starting UIAutomator2 server 5.12.7
[38;5;48m[AndroidUiautomator2Driver@81fa (b52eaabb)][0m Using UIAutomator2 server from 'C:\Users\Administrator\.appium\node_modules\appium-uiautomator2-driver\node_modules\appium-uiautomator2-server\apks\appium-uiautomator2-server-v5.12.7.apk' and test from 'C:\Users\Administrator\.appium\node_modules\appium-uiautomator2-driver\node_modules\appium-uiautomator2-server\apks\appium-uiautomator2-server-debug-androidTest.apk'
[38;5;48m[AndroidUiautomator2Driver@81fa (b52eaabb)][0m Waiting up to 30000ms for UiAutomator2 to be online...
[38;5;48m[AndroidUiautomator2Driver@81fa (b52eaabb)][0m socket hang up
[38;5;48m[AndroidUiautomator2Driver@81fa (b52eaabb)][0m socket hang up
[38;5;48m[AndroidUiautomator2Driver@81fa (b52eaabb)][0m socket hang up
[38;5;48m[AndroidUiautomator2Driver@81fa (b52eaabb)][0m socket hang up
[38;5;48m[AndroidUiautomator2Driver@81fa (b52eaabb)][0m socket hang up
[38;5;48m[AndroidUiautomator2Driver@81fa (b52eaabb)][0m socket hang up
[38;5;48m[AndroidUiautomator2Driver@81fa (b52eaabb)][0m socket hang up
[38;5;48m[AndroidUiautomator2Driver@81fa (b52eaabb)][0m socket hang up
[38;5;48m[AndroidUiautomator2Driver@81fa (b52eaabb)][0m socket hang up
[38;5;48m[AndroidUiautomator2Driver@81fa (b52eaabb)][0m socket hang up
[38;5;48m[AndroidUiautomator2Driver@81fa (b52eaabb)][0m socket hang up
[38;5;48m[AndroidUiautomator2Driver@81fa (b52eaabb)][0m socket hang up
[38;5;48m[AndroidUiautomator2Driver@81fa (b52eaabb)][0m socket hang up
[38;5;48m[AndroidUiautomator2Driver@81fa (b52eaabb)][0m Determined the downstream protocol as 'W3C'
[38;5;80m[AndroidDriver][0m Screen already unlocked, doing nothing
[38;5;48m[AndroidUiautomator2Driver@81fa (b52eaabb)][0m Starting 'com.android.settings/.Settings and waiting for 'com.android.settings/*'
[38;5;16m[AppiumDriver@d41e][0m New AndroidUiautomator2Driver session created successfully, session b52eaabb-b882-47c9-8a33-608f7da838ee added to master session list
[38;5;0m[HTTP][0m [37m<-- POST /wd/hub/session [39m[32m200[39m [90m33938 ms - 1196[39m
[38;5;0m[HTTP][0m [90m[39m
[38;5;0m[HTTP][0m [37m-->[39m [37mGET[39m [37m/wd/hub/session/b52eaabb-b882-47c9-8a33-608f7da838ee[39m
[38;5;0m[HTTP][0m [90m{}[39m
[38;5;0m[HTTP][0m [37m<-- GET /wd/hub/session/b52eaabb-b882-47c9-8a33-608f7da838ee [39m[32m200[39m [90m43 ms - 369[39m
[38;5;0m[HTTP][0m [90m[39m
[38;5;0m[HTTP][0m [37m-->[39m [37mGET[39m [37m/wd/hub/session/b52eaabb-b882-47c9-8a33-608f7da838ee[39m
[38;5;0m[HTTP][0m [90m{}[39m
[38;5;0m[HTTP][0m [37m<-- GET /wd/hub/session/b52eaabb-b882-47c9-8a33-608f7da838ee [39m[32m200[39m [90m41 ms - 369[39m
[38;5;0m[HTTP][0m [90m[39m
[38;5;0m[HTTP][0m [37m-->[39m [37mGET[39m [37m/wd/hub/status[39m
[38;5;0m[HTTP][0m [90m{}[39m
[38;5;0m[HTTP][0m [37m<-- GET /wd/hub/status [39m[32m200[39m [90m3 ms - 110[39m
[38;5;0m[HTTP][0m [90m[39m
[38;5;0m[HTTP][0m [37m-->[39m [37mPOST[39m [37m/wd/hub/session/b52eaabb-b882-47c9-8a33-608f7da838ee/timeouts[39m
[38;5;0m[HTTP][0m [90m{"implicit":60000}[39m
[38;5;0m[HTTP][0m [37m<-- POST /wd/hub/session/b52eaabb-b882-47c9-8a33-608f7da838ee/timeouts [39m[32m200[39m [90m8 ms - 14[39m
[38;5;0m[HTTP][0m [90m[39m
[38;5;0m[HTTP][0m [37m-->[39m [37mGET[39m [37m/wd/hub/session/b52eaabb-b882-47c9-8a33-608f7da838ee/appium/device/system_bars[39m
[38;5;0m[HTTP][0m [90m{}[39m
[38;5;0m[HTTP][0m [37m<-- GET /wd/hub/session/b52eaabb-b882-47c9-8a33-608f7da838ee/appium/device/system_bars [39m[32m200[39m [90m873 ms - 151[39m
[38;5;0m[HTTP][0m [90m[39m
[38;5;0m[HTTP][0m [37m-->[39m [37mPOST[39m [37m/wd/hub/session/b52eaabb-b882-47c9-8a33-608f7da838ee/appium/device/activate_app[39m
[38;5;0m[HTTP][0m [90m{"bundleId":"com.example.empathi_care"}[39m
[38;5;0m[HTTP][0m [37m<-- POST /wd/hub/session/b52eaabb-b882-47c9-8a33-608f7da838ee/appium/device/activate_app [39m[32m200[39m [90m808 ms - 14[39m
[38;5;0m[HTTP][0m [90m[39m
[38;5;0m[HTTP][0m [37m-->[39m [37mGET[39m [37m/wd/hub/session/b52eaabb-b882-47c9-8a33-608f7da838ee/source[39m
[38;5;0m[HTTP][0m [90m{}[39m
[38;5;48m[AndroidUiautomator2Driver@81fa (b52eaabb)][0m Driver proxy active, passing request on via HTTP proxy
[38;5;48m[AndroidUiautomator2Driver@81fa (b52eaabb)][0m Replacing sessionId 559a54b1-c184-4779-a652-82846d8dbe76 with b52eaabb-b882-47c9-8a33-608f7da838ee
[38;5;0m[HTTP][0m [37m<-- GET /wd/hub/session/b52eaabb-b882-47c9-8a33-608f7da838ee/source [39m[32m200[39m [90m4718 ms - 48945[39m
[38;5;0m[HTTP][0m [90m[39m
[38;5;0m[HTTP][0m [37m-->[39m [37mGET[39m [37m/wd/hub/session/b52eaabb-b882-47c9-8a33-608f7da838ee/screenshot[39m
[38;5;0m[HTTP][0m [90m{}[39m
[38;5;0m[HTTP][0m [37m<-- GET /wd/hub/session/b52eaabb-b882-47c9-8a33-608f7da838ee/screenshot [39m[32m200[39m [90m2436 ms - 147356[39m
[38;5;0m[HTTP][0m [90m[39m
[38;5;0m[HTTP][0m [37m-->[39m [37mGET[39m [37m/wd/hub/session/b52eaabb-b882-47c9-8a33-608f7da838ee/source[39m
[38;5;0m[HTTP][0m [90m{}[39m
[38;5;48m[AndroidUiautomator2Driver@81fa (b52eaabb)][0m Driver proxy active, passing request on via HTTP proxy
[38;5;48m[AndroidUiautomator2Driver@81fa (b52eaabb)][0m Replacing sessionId 559a54b1-c184-4779-a652-82846d8dbe76 with b52eaabb-b882-47c9-8a33-608f7da838ee
[38;5;0m[HTTP][0m [37m<-- GET /wd/hub/session/b52eaabb-b882-47c9-8a33-608f7da838ee/source [39m[32m200[39m [90m447 ms - 6850[39m
[38;5;0m[HTTP][0m [90m[39m
[38;5;0m[HTTP][0m [37m-->[39m [37mGET[39m [37m/wd/hub/session/b52eaabb-b882-47c9-8a33-608f7da838ee/screenshot[39m
[38;5;0m[HTTP][0m [90m{}[39m
[38;5;0m[HTTP][0m [37m<-- GET /wd/hub/session/b52eaabb-b882-47c9-8a33-608f7da838ee/screenshot [39m[32m200[39m [90m2822 ms - 245144[39m
[38;5;0m[HTTP][0m [90m[39m
[38;5;0m[HTTP][0m [37m-->[39m [37mPOST[39m [37m/wd/hub/session/b52eaabb-b882-47c9-8a33-608f7da838ee/elements[39m
[38;5;0m[HTTP][0m [90m{"using":"xpath","value":"//*[@class = 'android.widget.Button' and @resource-id = '' and (@text = '' or . = '')]"}[39m
[38;5;0m[HTTP][0m [37m<-- POST /wd/hub/session/b52eaabb-b882-47c9-8a33-608f7da838ee/elements [39m[32m200[39m [90m2738 ms - 267[39m
[38;5;0m[HTTP][0m [90m[39m
[38;5;0m[HTTP][0m [37m-->[39m [37mPOST[39m [37m/wd/hub/session/b52eaabb-b882-47c9-8a33-608f7da838ee/elements[39m
[38;5;0m[HTTP][0m [90m{"using":"accessibility id","value":"Lewati"}[39m
[38;5;0m[HTTP][0m [37m<-- POST /wd/hub/session/b52eaabb-b882-47c9-8a33-608f7da838ee/elements [39m[32m200[39m [90m94 ms - 139[39m
[38;5;0m[HTTP][0m [90m[39m
[38;5;0m[HTTP][0m [37m-->[39m [37mGET[39m [37m/wd/hub/session/b52eaabb-b882-47c9-8a33-608f7da838ee/window/rect[39m
[38;5;0m[HTTP][0m [90m{}[39m
[38;5;0m[HTTP][0m [37m<-- GET /wd/hub/session/b52eaabb-b882-47c9-8a33-608f7da838ee/window/rect [39m[32m200[39m [90m34 ms - 50[39m
[38;5;0m[HTTP][0m [90m[39m
[38;5;0m[HTTP][0m [37m-->[39m [37mPOST[39m [37m/wd/hub/session/b52eaabb-b882-47c9-8a33-608f7da838ee/elements[39m
[38;5;0m[HTTP][0m [90m{"using":"accessibility id","value":"Lewati"}[39m
[38;5;0m[HTTP][0m [37m<-- POST /wd/hub/session/b52eaabb-b882-47c9-8a33-608f7da838ee/elements [39m[32m200[39m [90m77 ms - 139[39m
[38;5;0m[HTTP][0m [90m[39m
[38;5;0m[HTTP][0m [37m-->[39m [37mGET[39m [37m/wd/hub/session/b52eaabb-b882-47c9-8a33-608f7da838ee/element/00000000-0000-0015-0000-000900000011/location[39m
[38;5;0m[HTTP][0m [90m{}[39m
[38;5;48m[AndroidUiautomator2Driver@81fa (b52eaabb)][0m Driver proxy active, passing request on via HTTP proxy
[38;5;48m[AndroidUiautomator2Driver@81fa (b52eaabb)][0m Replacing sessionId 559a54b1-c184-4779-a652-82846d8dbe76 with b52eaabb-b882-47c9-8a33-608f7da838ee
[38;5;0m[HTTP][0m [37m<-- GET /wd/hub/session/b52eaabb-b882-47c9-8a33-608f7da838ee/element/00000000-0000-0015-0000-000900000011/location [39m[32m200[39m [90m49 ms - 77[39m
[38;5;0m[HTTP][0m [90m[39m
[38;5;0m[HTTP][0m [37m-->[39m [37mPOST[39m [37m/wd/hub/session/b52eaabb-b882-47c9-8a33-608f7da838ee/element/00000000-0000-0015-0000-000900000011/click[39m
[38;5;0m[HTTP][0m [90m{"id":"00000000-0000-0015-0000-000900000011"}[39m
[38;5;0m[HTTP][0m [37m<-- POST /wd/hub/session/b52eaabb-b882-47c9-8a33-608f7da838ee/element/00000000-0000-0015-0000-000900000011/click [39m[32m200[39m [90m742 ms - 14[39m
[38;5;0m[HTTP][0m [90m[39m
[38;5;0m[HTTP][0m [37m-->[39m [37mGET[39m [37m/wd/hub/session/b52eaabb-b882-47c9-8a33-608f7da838ee/source[39m
[38;5;0m[HTTP][0m [90m{}[39m
[38;5;48m[AndroidUiautomator2Driver@81fa (b52eaabb)][0m Driver proxy active, passing request on via HTTP proxy
[38;5;48m[AndroidUiautomator2Driver@81fa (b52eaabb)][0m Replacing sessionId 559a54b1-c184-4779-a652-82846d8dbe76 with b52eaabb-b882-47c9-8a33-608f7da838ee
[38;5;0m[HTTP][0m [37m<-- GET /wd/hub/session/b52eaabb-b882-47c9-8a33-608f7da838ee/source [39m[32m200[39m [90m264 ms - 6315[39m
[38;5;0m[HTTP][0m [90m[39m
[38;5;0m[HTTP][0m [37m-->[39m [37mGET[39m [37m/wd/hub/session/b52eaabb-b882-47c9-8a33-608f7da838ee/screenshot[39m
[38;5;0m[HTTP][0m [90m{}[39m
[38;5;0m[HTTP][0m [37m<-- GET /wd/hub/session/b52eaabb-b882-47c9-8a33-608f7da838ee/screenshot [39m[32m200[39m [90m917 ms - 206900[39m
[38;5;0m[HTTP][0m [90m[39m
[38;5;0m[HTTP][0m [37m-->[39m [37mPOST[39m [37m/wd/hub/session/b52eaabb-b882-47c9-8a33-608f7da838ee/elements[39m
[38;5;0m[HTTP][0m [90m{"using":"xpath","value":"//*[@class = 'android.widget.Button' and @resource-id = '' and (@text = '' or . = '')]"}[39m
[38;5;0m[HTTP][0m [37m<-- POST /wd/hub/session/b52eaabb-b882-47c9-8a33-608f7da838ee/elements [39m[32m200[39m [90m134 ms - 139[39m
[38;5;0m[HTTP][0m [90m[39m
[38;5;0m[HTTP][0m [37m-->[39m [37mGET[39m [37m/wd/hub/session/b52eaabb-b882-47c9-8a33-608f7da838ee/window/rect[39m
[38;5;0m[HTTP][0m [90m{}[39m
[38;5;0m[HTTP][0m [37m<-- GET /wd/hub/session/b52eaabb-b882-47c9-8a33-608f7da838ee/window/rect [39m[32m200[39m [90m19 ms - 50[39m
[38;5;0m[HTTP][0m [90m[39m
[38;5;0m[HTTP][0m [37m-->[39m [37mPOST[39m [37m/wd/hub/session/b52eaabb-b882-47c9-8a33-608f7da838ee/elements[39m
[38;5;0m[HTTP][0m [90m{"using":"xpath","value":"//*[@class = 'android.widget.Button' and @resource-id = '' and (@text = '' or . = '')]"}[39m
[38;5;0m[HTTP][0m [37m<-- POST /wd/hub/session/b52eaabb-b882-47c9-8a33-608f7da838ee/elements [39m[32m200[39m [90m114 ms - 139[39m
[38;5;0m[HTTP][0m [90m[39m
[38;5;0m[HTTP][0m [37m-->[39m [37mGET[39m [37m/wd/hub/session/b52eaabb-b882-47c9-8a33-608f7da838ee/element/00000000-0000-0015-0000-000c00000011/location[39m
[38;5;0m[HTTP][0m [90m{}[39m
[38;5;48m[AndroidUiautomator2Driver@81fa (b52eaabb)][0m Driver proxy active, passing request on via HTTP proxy
[38;5;48m[AndroidUiautomator2Driver@81fa (b52eaabb)][0m Replacing sessionId 559a54b1-c184-4779-a652-82846d8dbe76 with b52eaabb-b882-47c9-8a33-608f7da838ee
[38;5;0m[HTTP][0m [37m<-- GET /wd/hub/session/b52eaabb-b882-47c9-8a33-608f7da838ee/element/00000000-0000-0015-0000-000c00000011/location [39m[32m200[39m [90m27 ms - 78[39m
[38;5;0m[HTTP][0m [90m[39m
[38;5;0m[HTTP][0m [37m-->[39m [37mPOST[39m [37m/wd/hub/session/b52eaabb-b882-47c9-8a33-608f7da838ee/element/00000000-0000-0015-0000-000c00000011/click[39m
[38;5;0m[HTTP][0m [90m{"id":"00000000-0000-0015-0000-000c00000011"}[39m
[38;5;0m[HTTP][0m [37m<-- POST /wd/hub/session/b52eaabb-b882-47c9-8a33-608f7da838ee/element/00000000-0000-0015-0000-000c00000011/click [39m[32m200[39m [90m767 ms - 14[39m
[38;5;0m[HTTP][0m [90m[39m
[38;5;0m[HTTP][0m [37m-->[39m [37mGET[39m [37m/wd/hub/session/b52eaabb-b882-47c9-8a33-608f7da838ee/source[39m
[38;5;0m[HTTP][0m [90m{}[39m
[38;5;48m[AndroidUiautomator2Driver@81fa (b52eaabb)][0m Driver proxy active, passing request on via HTTP proxy
[38;5;48m[AndroidUiautomator2Driver@81fa (b52eaabb)][0m Replacing sessionId 559a54b1-c184-4779-a652-82846d8dbe76 with b52eaabb-b882-47c9-8a33-608f7da838ee
[38;5;0m[HTTP][0m [37m<-- GET /wd/hub/session/b52eaabb-b882-47c9-8a33-608f7da838ee/source [39m[32m200[39m [90m68 ms - 7970[39m
[38;5;0m[HTTP][0m [90m[39m
[38;5;0m[HTTP][0m [37m-->[39m [37mGET[39m [37m/wd/hub/session/b52eaabb-b882-47c9-8a33-608f7da838ee/screenshot[39m
[38;5;0m[HTTP][0m [90m{}[39m
[38;5;0m[HTTP][0m [37m<-- GET /wd/hub/session/b52eaabb-b882-47c9-8a33-608f7da838ee/screenshot [39m[32m200[39m [90m512 ms - 305380[39m
[38;5;0m[HTTP][0m [90m[39m
[38;5;0m[HTTP][0m [37m-->[39m [37mPOST[39m [37m/wd/hub/session/b52eaabb-b882-47c9-8a33-608f7da838ee/elements[39m
[38;5;0m[HTTP][0m [90m{"using":"xpath","value":"//*[@class = 'android.widget.EditText' and @resource-id = '' and (@text = '' or . = '')]"}[39m
[38;5;0m[HTTP][0m [37m<-- POST /wd/hub/session/b52eaabb-b882-47c9-8a33-608f7da838ee/elements [39m[32m200[39m [90m60139 ms - 12[39m
[38;5;0m[HTTP][0m [90m[39m
[38;5;0m[HTTP][0m [37m-->[39m [37mPOST[39m [37m/wd/hub/session/b52eaabb-b882-47c9-8a33-608f7da838ee/elements[39m
[38;5;0m[HTTP][0m [90m{"using":"-android uiautomator","value":"new UiSelector().className(\"android.widget.EditText\").resourceId(\"\")"}[39m
[38;5;0m[HTTP][0m [37m<-- POST /wd/hub/session/b52eaabb-b882-47c9-8a33-608f7da838ee/elements [39m[32m200[39m [90m61033 ms - 12[39m
[38;5;0m[HTTP][0m [90m[39m
[38;5;0m[HTTP][0m [37m-->[39m [37mPOST[39m [37m/wd/hub/session/b52eaabb-b882-47c9-8a33-608f7da838ee/elements[39m
[38;5;0m[HTTP][0m [90m{"using":"xpath","value":"//*[@class = 'android.widget.EditText' and @resource-id = '' and (@text = '' or . = '')]"}[39m
[38;5;0m[HTTP][0m [37m<-- POST /wd/hub/session/b52eaabb-b882-47c9-8a33-608f7da838ee/elements [39m[32m200[39m [90m60141 ms - 12[39m
[38;5;0m[HTTP][0m [90m[39m
[38;5;0m[HTTP][0m [37m-->[39m [37mPOST[39m [37m/wd/hub/session/b52eaabb-b882-47c9-8a33-608f7da838ee/elements[39m
[38;5;0m[HTTP][0m [90m{"using":"-android uiautomator","value":"new UiSelector().className(\"android.widget.EditText\").resourceId(\"\")"}[39m
